============================= test session starts =============================
platform win32 -- Python 3.13.9, pytest-8.4.1, pluggy-1.6.0 -- C:\Users\Zachary\AppData\Local\Programs\Python\Python313\python.exe
cachedir: .pytest_cache
rootdir: C:\Users\Zachary\specHO
configfile: pytest.ini
testpaths: tests
plugins: anyio-4.11.0, mock-3.14.1
collecting ... collected 830 items

tests/test_aggregator.py::TestInitialization::test_default_initialization PASSED [  0%]
tests/test_aggregator.py::TestInitialization::test_stateless_design PASSED [  0%]
tests/test_aggregator.py::TestBasicAggregation::test_single_score PASSED [  0%]
tests/test_aggregator.py::TestBasicAggregation::test_two_scores PASSED   [  0%]
tests/test_aggregator.py::TestBasicAggregation::test_typical_scores PASSED [  0%]
tests/test_aggregator.py::TestBasicAggregation::test_low_scores PASSED   [  0%]
tests/test_aggregator.py::TestBasicAggregation::test_high_scores PASSED  [  0%]
tests/test_aggregator.py::TestBasicAggregation::test_mixed_scores PASSED [  0%]
tests/test_aggregator.py::TestBasicAggregation::test_uniform_scores PASSED [  1%]
tests/test_aggregator.py::TestEmptyInput::test_empty_list_returns_zero PASSED [  1%]
tests/test_aggregator.py::TestEmptyInput::test_empty_list_emits_warning PASSED [  1%]
tests/test_aggregator.py::TestEmptyInput::test_warning_message_content PASSED [  1%]
tests/test_aggregator.py::TestEdgeCases::test_all_zeros PASSED           [  1%]
tests/test_aggregator.py::TestEdgeCases::test_all_ones PASSED            [  1%]
tests/test_aggregator.py::TestEdgeCases::test_very_small_scores PASSED   [  1%]
tests/test_aggregator.py::TestEdgeCases::test_scores_near_one PASSED     [  1%]
tests/test_aggregator.py::TestEdgeCases::test_extreme_variance PASSED    [  2%]
tests/test_aggregator.py::TestEdgeCases::test_large_number_of_scores PASSED [  2%]
tests/test_aggregator.py::TestKnownValues::test_known_value_1 PASSED     [  2%]
tests/test_aggregator.py::TestKnownValues::test_known_value_2 PASSED     [  2%]
tests/test_aggregator.py::TestKnownValues::test_known_value_3 PASSED     [  2%]
tests/test_aggregator.py::TestOutputRange::test_output_bounded_typical PASSED [  2%]
tests/test_aggregator.py::TestOutputRange::test_output_bounded_mixed PASSED [  2%]
tests/test_aggregator.py::TestOutputRange::test_output_bounded_extremes PASSED [  2%]
tests/test_aggregator.py::TestComparisons::test_higher_pairs_higher_document PASSED [  3%]
tests/test_aggregator.py::TestComparisons::test_ordering_preserved PASSED [  3%]
tests/test_aggregator.py::TestComparisons::test_mean_sensitive_to_all_scores PASSED [  3%]
tests/test_aggregator.py::TestGetStatistics::test_statistics_with_typical_scores PASSED [  3%]
tests/test_aggregator.py::TestGetStatistics::test_statistics_empty_input PASSED [  3%]
tests/test_aggregator.py::TestGetStatistics::test_statistics_single_score PASSED [  3%]
tests/test_aggregator.py::TestGetStatistics::test_statistics_uniform_scores PASSED [  3%]
tests/test_aggregator.py::TestGetStatistics::test_statistics_high_variance PASSED [  3%]
tests/test_aggregator.py::TestIntegration::test_aggregator_stateless_multiple_calls PASSED [  3%]
tests/test_aggregator.py::TestIntegration::test_consistent_results PASSED [  4%]
tests/test_aggregator.py::TestIntegration::test_order_independence PASSED [  4%]
tests/test_baseline_builder.py::test_initialization PASSED               [  4%]
tests/test_baseline_builder.py::test_has_required_methods PASSED         [  4%]
tests/test_baseline_builder.py::test_process_corpus_valid_directory PASSED [  4%]
tests/test_baseline_builder.py::test_process_corpus_nonexistent_directory PASSED [  4%]
tests/test_baseline_builder.py::test_process_corpus_empty_directory PASSED [  4%]
tests/test_baseline_builder.py::test_process_corpus_ignores_non_txt_files PASSED [  4%]
tests/test_baseline_builder.py::test_process_corpus_returns_statistics_dict PASSED [  5%]
tests/test_baseline_builder.py::test_process_corpus_scores_are_valid PASSED [  5%]
tests/test_baseline_builder.py::test_save_baseline PASSED                [  5%]
tests/test_baseline_builder.py::test_save_baseline_creates_directory PASSED [  5%]
tests/test_baseline_builder.py::test_load_baseline PASSED                [  5%]
tests/test_baseline_builder.py::test_load_baseline_nonexistent_file PASSED [  5%]
tests/test_baseline_builder.py::test_save_and_load_roundtrip PASSED      [  5%]
tests/test_baseline_builder.py::test_end_to_end_corpus_processing PASSED [  5%]
tests/test_baseline_builder.py::test_corpus_with_utf8_content PASSED     [  6%]
tests/test_baseline_builder.py::test_statistics_have_variance PASSED     [  6%]
tests/test_baseline_builder.py::test_mean_in_expected_range_for_natural_text PASSED [  6%]
tests/test_baseline_builder.py::test_process_corpus_handles_empty_files PASSED [  6%]
tests/test_baseline_builder.py::test_process_corpus_with_minimal_text PASSED [  6%]
tests/test_baseline_builder.py::test_baseline_stats_have_correct_types PASSED [  6%]
tests/test_baseline_builder.py::test_baseline_stats_are_json_serializable PASSED [  6%]
tests/test_baseline_builder.py::test_n_documents_matches_file_count PASSED [  6%]
tests/test_boundary_detector.py::test_initialization PASSED              [  6%]
tests/test_boundary_detector.py::test_initialization_no_config PASSED    [  7%]
tests/test_boundary_detector.py::test_simple_sentence_one_clause PASSED  [  7%]
tests/test_boundary_detector.py::test_simple_sentence_clause_tokens PASSED [  7%]
tests/test_boundary_detector.py::test_multiple_simple_sentences PASSED   [  7%]
tests/test_boundary_detector.py::test_coordinated_clauses_with_and PASSED [  7%]
tests/test_boundary_detector.py::test_coordinated_clauses_with_but PASSED [  7%]
tests/test_boundary_detector.py::test_coordinated_clauses_with_or PASSED [  7%]
tests/test_boundary_detector.py::test_multiple_coordinated_clauses PASSED [  7%]
tests/test_boundary_detector.py::test_subordinate_clause_with_when PASSED [  8%]
tests/test_boundary_detector.py::test_subordinate_clause_with_because PASSED [  8%]
tests/test_boundary_detector.py::test_subordinate_clause_with_although PASSED [  8%]
tests/test_boundary_detector.py::test_clausal_complement_ccomp PASSED    [  8%]
tests/test_boundary_detector.py::test_complex_sentence_multiple_types PASSED [  8%]
tests/test_boundary_detector.py::test_long_sentence_with_clauses PASSED  [  8%]
tests/test_boundary_detector.py::test_empty_doc PASSED                   [  8%]
tests/test_boundary_detector.py::test_single_word PASSED                 [  8%]
tests/test_boundary_detector.py::test_fragment_no_verb PASSED            [  9%]
tests/test_boundary_detector.py::test_punctuation_only PASSED            [  9%]
tests/test_boundary_detector.py::test_clause_spans_non_overlapping PASSED [  9%]
tests/test_boundary_detector.py::test_clause_spans_cover_tokens PASSED   [  9%]
tests/test_boundary_detector.py::test_clause_tokens_match_span PASSED    [  9%]
tests/test_boundary_detector.py::test_clauses_sorted_by_position PASSED  [  9%]
tests/test_boundary_detector.py::test_news_article_excerpt PASSED        [  9%]
tests/test_boundary_detector.py::test_conversational_text PASSED         [  9%]
tests/test_boundary_detector.py::test_literary_text_with_semicolon PASSED [ 10%]
tests/test_boundary_detector.py::test_quick_identify_clauses PASSED      [ 10%]
tests/test_boundary_detector.py::test_integration_with_preprocessor PASSED [ 10%]
tests/test_boundary_detector.py::test_integration_complex_sentence PASSED [ 10%]
tests/test_boundary_detector.py::test_clause_type_distribution_simple PASSED [ 10%]
tests/test_boundary_detector.py::test_clause_type_distribution_mixed PASSED [ 10%]
tests/test_boundary_detector.py::test_performance_short_text PASSED      [ 10%]
tests/test_boundary_detector.py::test_performance_medium_text PASSED     [ 10%]
tests/test_boundary_detector_realworld.py::test_news_sample_1_breaking_news PASSED [ 10%]
tests/test_boundary_detector_realworld.py::test_news_sample_2_political_reporting PASSED [ 11%]
tests/test_boundary_detector_realworld.py::test_news_sample_3_financial_report PASSED [ 11%]
tests/test_boundary_detector_realworld.py::test_news_sample_4_sports_coverage PASSED [ 11%]
tests/test_boundary_detector_realworld.py::test_news_sample_5_science_reporting PASSED [ 11%]
tests/test_boundary_detector_realworld.py::test_conversational_sample_1_casual_chat PASSED [ 11%]
tests/test_boundary_detector_realworld.py::test_conversational_sample_2_dialogue PASSED [ 11%]
tests/test_boundary_detector_realworld.py::test_conversational_sample_3_storytelling PASSED [ 11%]
tests/test_boundary_detector_realworld.py::test_conversational_sample_4_planning PASSED [ 11%]
tests/test_boundary_detector_realworld.py::test_conversational_sample_5_advice PASSED [ 12%]
tests/test_boundary_detector_realworld.py::test_literary_sample_1_descriptive PASSED [ 12%]
tests/test_boundary_detector_realworld.py::test_literary_sample_2_narrative PASSED [ 12%]
tests/test_boundary_detector_realworld.py::test_literary_sample_3_atmospheric PASSED [ 12%]
tests/test_boundary_detector_realworld.py::test_literary_sample_4_character_introspection PASSED [ 12%]
tests/test_boundary_detector_realworld.py::test_literary_sample_5_action_sequence PASSED [ 12%]
tests/test_boundary_detector_realworld.py::test_technical_sample_1_documentation PASSED [ 12%]
tests/test_boundary_detector_realworld.py::test_technical_sample_2_research_abstract PASSED [ 12%]
tests/test_boundary_detector_realworld.py::test_technical_sample_3_methodology PASSED [ 13%]
tests/test_boundary_detector_realworld.py::test_technical_sample_4_tutorial PASSED [ 13%]
tests/test_boundary_detector_realworld.py::test_technical_sample_5_specification PASSED [ 13%]
tests/test_boundary_detector_realworld.py::test_complex_sample_1_multiple_subordination PASSED [ 13%]
tests/test_boundary_detector_realworld.py::test_complex_sample_2_long_coordination PASSED [ 13%]
tests/test_boundary_detector_realworld.py::test_complex_sample_3_mixed_clause_types PASSED [ 13%]
tests/test_boundary_detector_realworld.py::test_complex_sample_4_embedded_clauses PASSED [ 13%]
tests/test_boundary_detector_realworld.py::test_complex_sample_5_conditional_chains PASSED [ 13%]
tests/test_boundary_detector_realworld.py::test_summary_all_categories PASSED [ 13%]
tests/test_clause_identifier.py::TestClauseBoundaryDetector::test_initialization PASSED [ 14%]
tests/test_clause_identifier.py::TestClauseBoundaryDetector::test_identify_clauses_returns_list PASSED [ 14%]
tests/test_clause_identifier.py::TestClauseBoundaryDetector::test_identify_clauses_returns_clause_objects PASSED [ 14%]
tests/test_clause_identifier.py::TestClauseBoundaryDetector::test_identifies_multiple_clauses PASSED [ 14%]
tests/test_clause_identifier.py::TestClauseBoundaryDetector::test_clause_has_valid_indices PASSED [ 14%]
tests/test_clause_identifier.py::TestClauseBoundaryDetector::test_empty_text PASSED [ 14%]
tests/test_clause_identifier.py::TestPairRulesEngine::test_initialization PASSED [ 14%]
tests/test_clause_identifier.py::TestPairRulesEngine::test_apply_all_rules_returns_list PASSED [ 14%]
tests/test_clause_identifier.py::TestPairRulesEngine::test_rule_a_punctuation PASSED [ 15%]
tests/test_clause_identifier.py::TestPairRulesEngine::test_rule_b_conjunction PASSED [ 15%]
tests/test_clause_identifier.py::TestPairRulesEngine::test_rule_c_transition PASSED [ 15%]
tests/test_clause_identifier.py::TestPairRulesEngine::test_pairs_have_correct_structure PASSED [ 15%]
tests/test_clause_identifier.py::TestZoneExtractor::test_initialization PASSED [ 15%]
tests/test_clause_identifier.py::TestZoneExtractor::test_extract_zones_returns_tuple PASSED [ 15%]
tests/test_clause_identifier.py::TestZoneExtractor::test_zones_contain_content_words_only PASSED [ 15%]
tests/test_clause_identifier.py::TestZoneExtractor::test_zones_max_size_three PASSED [ 15%]
tests/test_clause_identifier.py::TestZoneExtractor::test_short_clauses_graceful_handling PASSED [ 16%]
tests/test_clause_identifier.py::TestClauseIdentifierPipeline::test_initialization PASSED [ 16%]
tests/test_clause_identifier.py::TestClauseIdentifierPipeline::test_identify_pairs_returns_list PASSED [ 16%]
tests/test_clause_identifier.py::TestClauseIdentifierPipeline::test_identify_pairs_returns_enriched_pairs PASSED [ 16%]
tests/test_clause_identifier.py::TestClauseIdentifierPipeline::test_zones_have_complete_linguistic_data PASSED [ 16%]
tests/test_clause_identifier.py::TestClauseIdentifierPipeline::test_quick_identify_pairs_convenience_function PASSED [ 16%]
tests/test_clause_identifier.py::TestEndToEndIntegration::test_full_pipeline_semicolon PASSED [ 16%]
tests/test_clause_identifier.py::TestEndToEndIntegration::test_full_pipeline_conjunction PASSED [ 16%]
tests/test_clause_identifier.py::TestEndToEndIntegration::test_full_pipeline_transition PASSED [ 16%]
tests/test_clause_identifier.py::TestEndToEndIntegration::test_full_pipeline_mixed_rules PASSED [ 17%]
tests/test_clause_identifier.py::TestEndToEndIntegration::test_full_pipeline_preserves_ordering PASSED [ 17%]
tests/test_clause_identifier.py::TestEdgeCases::test_empty_text PASSED   [ 17%]
tests/test_clause_identifier.py::TestEdgeCases::test_single_word PASSED  [ 17%]
tests/test_clause_identifier.py::TestEdgeCases::test_no_pairing_triggers PASSED [ 17%]
tests/test_clause_identifier.py::TestEdgeCases::test_very_short_clauses PASSED [ 17%]
tests/test_clause_identifier.py::TestEdgeCases::test_long_document PASSED [ 17%]
tests/test_clause_identifier.py::TestEdgeCases::test_multiple_sentences PASSED [ 17%]
tests/test_clause_identifier.py::TestRealWorldTexts::test_news_style_text PASSED [ 18%]
tests/test_clause_identifier.py::TestRealWorldTexts::test_literary_style_text PASSED [ 18%]
tests/test_clause_identifier.py::TestRealWorldTexts::test_technical_text PASSED [ 18%]
tests/test_clause_identifier.py::TestRealWorldTexts::test_conversational_text PASSED [ 18%]
tests/test_clause_identifier.py::TestPerformance::test_batch_processing PASSED [ 18%]
tests/test_clause_identifier.py::TestPerformance::test_reusable_components PASSED [ 18%]
tests/test_clause_identifier_pipeline.py::test_initialization PASSED     [ 18%]
tests/test_clause_identifier_pipeline.py::test_components_are_correct_types PASSED [ 18%]
tests/test_clause_identifier_pipeline.py::test_identify_pairs_basic PASSED [ 19%]
tests/test_clause_identifier_pipeline.py::test_identify_pairs_returns_clause_pairs PASSED [ 19%]
tests/test_clause_identifier_pipeline.py::test_identify_pairs_zones_populated PASSED [ 19%]
tests/test_clause_identifier_pipeline.py::test_identify_pairs_zone_tokens_are_tokens PASSED [ 19%]
tests/test_clause_identifier_pipeline.py::test_identify_pairs_with_semicolon PASSED [ 19%]
tests/test_clause_identifier_pipeline.py::test_identify_pairs_with_conjunction PASSED [ 19%]
tests/test_clause_identifier_pipeline.py::test_identify_pairs_with_transition PASSED [ 19%]
tests/test_clause_identifier_pipeline.py::test_identify_pairs_complex_text PASSED [ 19%]
tests/test_clause_identifier_pipeline.py::test_zones_contain_content_words_only PASSED [ 20%]
tests/test_clause_identifier_pipeline.py::test_zones_have_correct_size PASSED [ 20%]
tests/test_clause_identifier_pipeline.py::test_zones_have_linguistic_data PASSED [ 20%]
tests/test_clause_identifier_pipeline.py::test_identify_pairs_empty_text PASSED [ 20%]
tests/test_clause_identifier_pipeline.py::test_identify_pairs_single_word PASSED [ 20%]
tests/test_clause_identifier_pipeline.py::test_identify_pairs_no_triggers PASSED [ 20%]
tests/test_clause_identifier_pipeline.py::test_identify_pairs_short_clauses PASSED [ 20%]
tests/test_clause_identifier_pipeline.py::test_full_pipeline_integration PASSED [ 20%]
tests/test_clause_identifier_pipeline.py::test_pipeline_preserves_clause_relationships PASSED [ 20%]
tests/test_clause_identifier_pipeline.py::test_pipeline_handles_multiple_sentences PASSED [ 21%]
tests/test_clause_identifier_pipeline.py::test_quick_identify_pairs PASSED [ 21%]
tests/test_clause_identifier_pipeline.py::test_quick_identify_pairs_equivalent_to_class PASSED [ 21%]
tests/test_clause_identifier_pipeline.py::test_pipeline_news_text PASSED [ 21%]
tests/test_clause_identifier_pipeline.py::test_pipeline_literary_text PASSED [ 21%]
tests/test_clause_identifier_pipeline.py::test_pipeline_technical_text PASSED [ 21%]
tests/test_clause_identifier_pipeline.py::test_pipeline_with_long_text PASSED [ 21%]
tests/test_clause_identifier_pipeline.py::test_pipeline_batch_processing PASSED [ 21%]
tests/test_confidence.py::TestConfidenceConverterBasicConversion::test_z_score_zero PASSED [ 22%]
tests/test_confidence.py::TestConfidenceConverterBasicConversion::test_z_score_one PASSED [ 22%]
tests/test_confidence.py::TestConfidenceConverterBasicConversion::test_z_score_two PASSED [ 22%]
tests/test_confidence.py::TestConfidenceConverterBasicConversion::test_z_score_three PASSED [ 22%]
tests/test_confidence.py::TestConfidenceConverterBasicConversion::test_negative_z_score PASSED [ 22%]
tests/test_confidence.py::TestConfidenceConverterSymmetry::test_symmetry_around_zero PASSED [ 22%]
tests/test_confidence.py::TestConfidenceConverterSymmetry::test_symmetry_with_specific_values PASSED [ 22%]
tests/test_confidence.py::TestConfidenceConverterSymmetry::test_zero_is_symmetric_point PASSED [ 22%]
tests/test_confidence.py::TestConfidenceConverterExtremeValues::test_very_high_z_score PASSED [ 23%]
tests/test_confidence.py::TestConfidenceConverterExtremeValues::test_very_low_z_score PASSED [ 23%]
tests/test_confidence.py::TestConfidenceConverterExtremeValues::test_extreme_positive PASSED [ 23%]
tests/test_confidence.py::TestConfidenceConverterExtremeValues::test_extreme_negative PASSED [ 23%]
tests/test_confidence.py::TestConfidenceConverterKnownValues::test_95th_percentile PASSED [ 23%]
tests/test_confidence.py::TestConfidenceConverterKnownValues::test_97_5th_percentile PASSED [ 23%]
tests/test_confidence.py::TestConfidenceConverterKnownValues::test_99th_percentile PASSED [ 23%]
tests/test_confidence.py::TestConfidenceConverterKnownValues::test_99_9th_percentile PASSED [ 23%]
tests/test_confidence.py::TestConfidenceConverterOutputRange::test_output_range_for_typical_values PASSED [ 23%]
tests/test_confidence.py::TestConfidenceConverterOutputRange::test_output_range_for_extreme_values PASSED [ 24%]
tests/test_confidence.py::TestConfidenceConverterOutputRange::test_output_is_float_type PASSED [ 24%]
tests/test_confidence.py::TestConfidenceConverterPercentileConversion::test_percentile_at_mean PASSED [ 24%]
tests/test_confidence.py::TestConfidenceConverterPercentileConversion::test_percentile_one_std_above PASSED [ 24%]
tests/test_confidence.py::TestConfidenceConverterPercentileConversion::test_percentile_two_std_above PASSED [ 24%]
tests/test_confidence.py::TestConfidenceConverterPercentileConversion::test_percentile_95th PASSED [ 24%]
tests/test_confidence.py::TestConfidenceConverterPercentileConversion::test_percentile_range PASSED [ 24%]
tests/test_confidence.py::TestConfidenceConverterStatelessBehavior::test_multiple_calls_independent PASSED [ 24%]
tests/test_confidence.py::TestConfidenceConverterStatelessBehavior::test_reusable_instance PASSED [ 25%]
tests/test_confidence.py::TestConfidenceConverterIntegrationWithZScore::test_realistic_watermark_detection_scenario PASSED [ 25%]
tests/test_confidence.py::TestConfidenceConverterIntegrationWithZScore::test_realistic_human_text_scenario PASSED [ 25%]
tests/test_confidence.py::TestConfidenceConverterIntegrationWithZScore::test_uncertain_region PASSED [ 25%]
tests/test_config.py::TestProfiles::test_all_profiles_exist PASSED       [ 25%]
tests/test_config.py::TestProfiles::test_simple_profile_tier_1 PASSED    [ 25%]
tests/test_config.py::TestProfiles::test_robust_profile_tier_2 PASSED    [ 25%]
tests/test_config.py::TestProfiles::test_research_profile_tier_3 PASSED  [ 25%]
tests/test_config.py::TestProfiles::test_scoring_weights_sum_to_one PASSED [ 26%]
tests/test_config.py::TestLoadConfig::test_load_simple_profile PASSED    [ 26%]
tests/test_config.py::TestLoadConfig::test_load_robust_profile PASSED    [ 26%]
tests/test_config.py::TestLoadConfig::test_load_research_profile PASSED  [ 26%]
tests/test_config.py::TestLoadConfig::test_load_invalid_profile_raises_error PASSED [ 26%]
tests/test_config.py::TestLoadConfig::test_default_profile_is_simple PASSED [ 26%]
tests/test_config.py::TestConfigOverrides::test_override_single_field PASSED [ 26%]
tests/test_config.py::TestConfigOverrides::test_override_multiple_fields PASSED [ 26%]
tests/test_config.py::TestConfigOverrides::test_override_top_level_field PASSED [ 26%]
tests/test_config.py::TestConfigOverrides::test_override_invalid_field_raises_error PASSED [ 27%]
tests/test_config.py::TestConfigOverrides::test_override_invalid_component_raises_error PASSED [ 27%]
tests/test_config.py::TestConfigOverrides::test_override_preserves_original_profile PASSED [ 27%]
tests/test_config.py::TestConfigOverrides::test_override_with_different_types PASSED [ 27%]
tests/test_config.py::TestComponentConfigs::test_clause_detection_config_defaults PASSED [ 27%]
tests/test_config.py::TestComponentConfigs::test_pair_rules_config_defaults PASSED [ 27%]
tests/test_config.py::TestComponentConfigs::test_scoring_config_weights PASSED [ 27%]
tests/test_config.py::TestTierProgression::test_tier_1_simple_algorithms PASSED [ 27%]
tests/test_config.py::TestTierProgression::test_tier_2_enhanced_features PASSED [ 28%]
tests/test_config.py::TestTierProgression::test_tier_3_advanced_features PASSED [ 28%]
tests/test_config.py::TestTierProgression::test_tier_progression_maintains_backward_compatibility PASSED [ 28%]
tests/test_config.py::TestConfigDataFlow::test_config_access_pattern PASSED [ 28%]
tests/test_config.py::TestConfigDataFlow::test_config_for_component_initialization PASSED [ 28%]
tests/test_dependency_parser.py::TestDependencyParserBasic::test_dependency_parser_initialization PASSED [ 28%]
tests/test_dependency_parser.py::TestDependencyParserBasic::test_dependency_parser_custom_model PASSED [ 28%]
tests/test_dependency_parser.py::TestDependencyParserBasic::test_dependency_parser_invalid_model_raises_error PASSED [ 28%]
tests/test_dependency_parser.py::TestParse::test_parse_simple_sentence PASSED [ 29%]
tests/test_dependency_parser.py::TestParse::test_parse_returns_spacy_doc PASSED [ 29%]
tests/test_dependency_parser.py::TestParse::test_parse_multiple_sentences PASSED [ 29%]
tests/test_dependency_parser.py::TestParse::test_parse_empty_text PASSED [ 29%]
tests/test_dependency_parser.py::TestParse::test_parse_whitespace_only PASSED [ 29%]
tests/test_dependency_parser.py::TestParse::test_parse_preserves_tokens PASSED [ 29%]
tests/test_dependency_parser.py::TestParse::test_parse_adds_dependency_labels PASSED [ 29%]
tests/test_dependency_parser.py::TestGetClauseBoundaries::test_get_clause_boundaries_simple_sentence PASSED [ 29%]
tests/test_dependency_parser.py::TestGetClauseBoundaries::test_get_clause_boundaries_coordinated_clauses PASSED [ 30%]
tests/test_dependency_parser.py::TestGetClauseBoundaries::test_get_clause_boundaries_subordinate_clause PASSED [ 30%]
tests/test_dependency_parser.py::TestGetClauseBoundaries::test_get_clause_boundaries_empty_doc PASSED [ 30%]
tests/test_dependency_parser.py::TestGetClauseBoundaries::test_get_clause_boundaries_returns_tuples PASSED [ 30%]
tests/test_dependency_parser.py::TestGetClauseBoundaries::test_get_clause_boundaries_indices_in_range PASSED [ 30%]
tests/test_dependency_parser.py::TestGetClauseBoundaries::test_get_clause_boundaries_complex_sentence PASSED [ 30%]
tests/test_dependency_parser.py::TestFindRootVerbs::test_find_root_verbs_simple_sentence PASSED [ 30%]
tests/test_dependency_parser.py::TestFindRootVerbs::test_find_root_verbs_multiple_sentences PASSED [ 30%]
tests/test_dependency_parser.py::TestFindRootVerbs::test_find_root_verbs_empty_doc PASSED [ 30%]
tests/test_dependency_parser.py::TestFindRootVerbs::test_find_root_verbs_returns_tokens PASSED [ 31%]
tests/test_dependency_parser.py::TestFindCoordinatedClauses::test_find_coordinated_clauses_simple PASSED [ 31%]
tests/test_dependency_parser.py::TestFindCoordinatedClauses::test_find_coordinated_clauses_returns_token_pairs PASSED [ 31%]
tests/test_dependency_parser.py::TestFindCoordinatedClauses::test_find_coordinated_clauses_no_coordination PASSED [ 31%]
tests/test_dependency_parser.py::TestFindCoordinatedClauses::test_find_coordinated_clauses_multiple_conjunctions PASSED [ 31%]
tests/test_dependency_parser.py::TestFindSubordinateClauses::test_find_subordinate_clauses_ccomp PASSED [ 31%]
tests/test_dependency_parser.py::TestFindSubordinateClauses::test_find_subordinate_clauses_advcl PASSED [ 31%]
tests/test_dependency_parser.py::TestFindSubordinateClauses::test_find_subordinate_clauses_returns_token_pairs PASSED [ 31%]
tests/test_dependency_parser.py::TestFindSubordinateClauses::test_find_subordinate_clauses_no_subordination PASSED [ 32%]
tests/test_dependency_parser.py::TestGetDependencyTree::test_get_dependency_tree_returns_string PASSED [ 32%]
tests/test_dependency_parser.py::TestGetDependencyTree::test_get_dependency_tree_contains_root PASSED [ 32%]
tests/test_dependency_parser.py::TestGetDependencyTree::test_get_dependency_tree_contains_tokens PASSED [ 32%]
tests/test_dependency_parser.py::TestGetDependencyTree::test_get_dependency_tree_empty_doc PASSED [ 32%]
tests/test_dependency_parser.py::TestGetDependencyTree::test_get_dependency_tree_formatting PASSED [ 32%]
tests/test_dependency_parser.py::TestQuickParseHelper::test_quick_parse_works PASSED [ 32%]
tests/test_dependency_parser.py::TestQuickParseHelper::test_quick_parse_returns_doc PASSED [ 32%]
tests/test_dependency_parser.py::TestQuickParseHelper::test_quick_parse_custom_model PASSED [ 33%]
tests/test_dependency_parser.py::TestIntegrationWithSpacy::test_full_dependency_analysis PASSED [ 33%]
tests/test_dependency_parser.py::TestIntegrationWithSpacy::test_complex_sentence_analysis PASSED [ 33%]
tests/test_dependency_parser.py::TestIntegrationWithSpacy::test_compound_sentence_analysis PASSED [ 33%]
tests/test_dependency_parser.py::TestEdgeCases::test_parse_single_word PASSED [ 33%]
tests/test_dependency_parser.py::TestEdgeCases::test_parse_punctuation_only PASSED [ 33%]
tests/test_dependency_parser.py::TestEdgeCases::test_parse_numbers PASSED [ 33%]
tests/test_dependency_parser.py::TestEdgeCases::test_parse_contractions PASSED [ 33%]
tests/test_dependency_parser.py::TestEdgeCases::test_parse_long_sentence PASSED [ 33%]
tests/test_dependency_parser.py::TestEdgeCases::test_parse_special_characters PASSED [ 34%]
tests/test_dependency_parser.py::TestDependencyLabels::test_detects_root_label PASSED [ 34%]
tests/test_dependency_parser.py::TestDependencyLabels::test_detects_conj_label PASSED [ 34%]
tests/test_dependency_parser.py::TestDependencyLabels::test_detects_nsubj_label PASSED [ 34%]
tests/test_detector.py::TestSpecHODetectorInitialization::test_successful_initialization PASSED [ 34%]
tests/test_detector.py::TestSpecHODetectorInitialization::test_missing_baseline_file_raises_error PASSED [ 34%]
tests/test_detector.py::TestSpecHODetectorInitialization::test_default_baseline_path PASSED [ 34%]
tests/test_detector.py::TestSpecHODetectorInitialization::test_all_components_initialized PASSED [ 34%]
tests/test_detector.py::TestSpecHODetectorBasicAnalysis::test_analyze_valid_text PASSED [ 35%]
tests/test_detector.py::TestSpecHODetectorBasicAnalysis::test_analyze_empty_text PASSED [ 35%]
tests/test_detector.py::TestSpecHODetectorBasicAnalysis::test_analyze_whitespace_only PASSED [ 35%]
tests/test_detector.py::TestSpecHODetectorBasicAnalysis::test_analyze_none_raises_error PASSED [ 35%]
tests/test_detector.py::TestSpecHODetectorBasicAnalysis::test_analyze_simple_sentence PASSED [ 35%]
tests/test_detector.py::TestSpecHODetectorBasicAnalysis::test_analyze_complex_text PASSED [ 35%]
tests/test_detector.py::TestSpecHODetectorPipelineOrchestration::test_pipeline_stages_called_in_order PASSED [ 35%]
tests/test_detector.py::TestSpecHODetectorPipelineOrchestration::test_preprocessor_output_passed_to_clause_identifier PASSED [ 35%]
tests/test_detector.py::TestSpecHODetectorPipelineOrchestration::test_clause_pairs_passed_to_echo_engine PASSED [ 36%]
tests/test_detector.py::TestSpecHODetectorPipelineOrchestration::test_echo_scores_passed_to_scoring_module PASSED [ 36%]
tests/test_detector.py::TestSpecHODetectorPipelineOrchestration::test_document_score_passed_to_validator PASSED [ 36%]
tests/test_detector.py::TestSpecHODetectorErrorHandling::test_empty_clause_pairs_handled_gracefully PASSED [ 36%]
tests/test_detector.py::TestSpecHODetectorErrorHandling::test_echo_engine_error_continues_pipeline PASSED [ 36%]
tests/test_detector.py::TestSpecHODetectorErrorHandling::test_logging_at_each_stage PASSED [ 36%]
tests/test_detector.py::TestSpecHODetectorErrorHandling::test_complete_pipeline_failure_raises_exception PASSED [ 36%]
tests/test_detector.py::TestSpecHODetectorHelperMethods::test_get_pipeline_info_returns_dict PASSED [ 36%]
tests/test_detector.py::TestSpecHODetectorHelperMethods::test_get_pipeline_info_lists_all_components PASSED [ 36%]
tests/test_detector.py::TestSpecHODetectorHelperMethods::test_get_pipeline_info_includes_baseline_path PASSED [ 37%]
tests/test_detector.py::TestSpecHODetectorHelperMethods::test_get_pipeline_info_includes_baseline_stats PASSED [ 37%]
tests/test_detector.py::TestSpecHODetectorHelperMethods::test_create_empty_analysis_produces_valid_structure PASSED [ 37%]
tests/test_detector.py::TestSpecHODetectorIntegration::test_analyze_news_article_excerpt PASSED [ 37%]
tests/test_detector.py::TestSpecHODetectorIntegration::test_analyze_conversational_text PASSED [ 37%]
tests/test_detector.py::TestSpecHODetectorIntegration::test_analyze_multiple_paragraphs PASSED [ 37%]
tests/test_detector.py::TestSpecHODetectorIntegration::test_analyze_technical_text PASSED [ 37%]
tests/test_detector.py::TestSpecHODetectorIntegration::test_consistent_results_on_repeated_analysis PASSED [ 37%]
tests/test_detector.py::TestSpecHODetectorIntegration::test_different_texts_produce_different_scores PASSED [ 38%]
tests/test_echo_pipeline.py::TestEchoAnalysisEngineInit::test_default_initialization PASSED [ 38%]
tests/test_echo_pipeline.py::TestEchoAnalysisEngineInit::test_custom_analyzers PASSED [ 38%]
tests/test_echo_pipeline.py::TestEchoAnalysisEngineInit::test_partial_custom_analyzers PASSED [ 38%]
tests/test_echo_pipeline.py::TestEchoAnalysisOrchestration::test_analyze_pair_calls_all_analyzers PASSED [ 38%]
tests/test_echo_pipeline.py::TestEchoAnalysisOrchestration::test_analyze_pair_returns_echo_score PASSED [ 38%]
tests/test_echo_pipeline.py::TestEchoAnalysisOrchestration::test_analyze_pair_preserves_analyzer_scores PASSED [ 38%]
tests/test_echo_pipeline.py::TestEchoAnalysisIntegration::test_real_analyzers_with_sample_data PASSED [ 38%]
tests/test_echo_pipeline.py::TestEchoAnalysisIntegration::test_real_analyzers_with_identical_zones PASSED [ 39%]
tests/test_echo_pipeline.py::TestEchoAnalysisIntegration::test_real_analyzers_with_empty_zones PASSED [ 39%]
tests/test_echo_pipeline.py::TestEchoAnalysisEdgeCases::test_analyzer_returning_zero PASSED [ 39%]
tests/test_echo_pipeline.py::TestEchoAnalysisEdgeCases::test_analyzer_returning_one PASSED [ 39%]
tests/test_echo_pipeline.py::TestEchoAnalysisEdgeCases::test_mixed_score_values PASSED [ 39%]
tests/test_echo_pipeline.py::TestEchoScoreRanges::test_all_scores_in_valid_range PASSED [ 39%]
tests/test_echo_pipeline.py::TestEchoScoreRanges::test_combined_score_is_zero PASSED [ 39%]
tests/test_end_to_end_samples.py::test_sample_1_news_complete_pipeline PASSED [ 39%]
tests/test_end_to_end_samples.py::test_sample_2_literary_complete_pipeline PASSED [ 40%]
tests/test_end_to_end_samples.py::test_sample_3_academic_complete_pipeline PASSED [ 40%]
tests/test_end_to_end_samples.py::test_sample_4_conversational_complete_pipeline PASSED [ 40%]
tests/test_end_to_end_samples.py::test_sample_5_technical_complete_pipeline PASSED [ 40%]
tests/test_end_to_end_samples.py::test_all_samples_comparison PASSED     [ 40%]
tests/test_end_to_end_samples.py::test_all_samples_zone_quality PASSED   [ 40%]
tests/test_integration_real_data.py::TestPreprocessingRealData::test_content_word_rate_realistic PASSED [ 40%]
tests/test_integration_real_data.py::TestPreprocessingRealData::test_field_population_high PASSED [ 40%]
tests/test_integration_real_data.py::TestPreprocessingRealData::test_no_empty_pos_tags_majority PASSED [ 40%]
tests/test_integration_real_data.py::TestPreprocessingRealData::test_pos_distribution_realistic PASSED [ 41%]
tests/test_integration_real_data.py::TestPreprocessingRealData::test_token_doc_alignment PASSED [ 41%]
tests/test_integration_real_data.py::TestFullPipelineRealData::test_unwatermarked_ai_detection PASSED [ 41%]
tests/test_integration_real_data.py::TestFullPipelineRealData::test_sufficient_clause_pairs_found PASSED [ 41%]
tests/test_integration_real_data.py::TestFullPipelineRealData::test_zones_have_sufficient_content_words PASSED [ 41%]
tests/test_integration_real_data.py::TestFullPipelineRealData::test_echo_scores_reasonable_distribution PASSED [ 41%]
tests/test_integration_real_data.py::TestRegressionPrevention::test_pos_tagger_accepts_spacy_doc PASSED [ 41%]
tests/test_integration_real_data.py::TestRegressionPrevention::test_preprocessor_uses_shared_spacy_doc PASSED [ 41%]
tests/test_integration_real_data.py::TestPerformanceRealData::test_preprocessing_completes_quickly PASSED [ 42%]
tests/test_integration_real_data.py::TestPerformanceRealData::test_full_pipeline_throughput PASSED [ 42%]
tests/test_models.py::TestToken::test_token_creation PASSED              [ 42%]
tests/test_models.py::TestToken::test_token_content_word_false PASSED    [ 42%]
tests/test_models.py::TestToken::test_token_fields_immutable_types PASSED [ 42%]
tests/test_models.py::TestClause::test_clause_creation PASSED            [ 42%]
tests/test_models.py::TestClause::test_clause_subordinate_type PASSED    [ 42%]
tests/test_models.py::TestClause::test_clause_empty_tokens PASSED        [ 42%]
tests/test_models.py::TestClausePair::test_clause_pair_creation PASSED   [ 43%]
tests/test_models.py::TestClausePair::test_clause_pair_types PASSED      [ 43%]
tests/test_models.py::TestClausePair::test_clause_pair_different_zone_sizes PASSED [ 43%]
tests/test_models.py::TestEchoScore::test_echo_score_creation PASSED     [ 43%]
tests/test_models.py::TestEchoScore::test_echo_score_range_zero_to_one PASSED [ 43%]
tests/test_models.py::TestEchoScore::test_echo_score_all_zeros PASSED    [ 43%]
tests/test_models.py::TestEchoScore::test_echo_score_all_ones PASSED     [ 43%]
tests/test_models.py::TestDocumentAnalysis::test_document_analysis_creation PASSED [ 43%]
tests/test_models.py::TestDocumentAnalysis::test_document_analysis_empty_pairs PASSED [ 43%]
tests/test_models.py::TestDocumentAnalysis::test_document_analysis_multiple_pairs PASSED [ 44%]
tests/test_models.py::TestDocumentAnalysis::test_document_analysis_high_confidence PASSED [ 44%]
tests/test_models.py::TestDataModelIntegration::test_full_pipeline_data_flow PASSED [ 44%]
tests/test_models.py::TestDataModelIntegration::test_dataclass_equality PASSED [ 44%]
tests/test_pair_rules.py::test_initialization PASSED                     [ 44%]
tests/test_pair_rules.py::test_rule_constants PASSED                     [ 44%]
tests/test_pair_rules.py::test_rule_a_semicolon PASSED                   [ 44%]
tests/test_pair_rules.py::test_rule_a_em_dash PASSED                     [ 44%]
tests/test_pair_rules.py::test_rule_a_no_trigger PASSED                  [ 45%]
tests/test_pair_rules.py::test_rule_a_multiple_semicolons PASSED         [ 45%]
tests/test_pair_rules.py::test_rule_b_and PASSED                         [ 45%]
tests/test_pair_rules.py::test_rule_b_but PASSED                         [ 45%]
tests/test_pair_rules.py::test_rule_b_or PASSED                          [ 45%]
tests/test_pair_rules.py::test_rule_b_case_insensitive PASSED            [ 45%]
tests/test_pair_rules.py::test_rule_b_no_trigger PASSED                  [ 45%]
tests/test_pair_rules.py::test_rule_b_multiple_conjunctions PASSED       [ 45%]
tests/test_pair_rules.py::test_rule_c_however PASSED                     [ 46%]
tests/test_pair_rules.py::test_rule_c_therefore PASSED                   [ 46%]
tests/test_pair_rules.py::test_rule_c_thus PASSED                        [ 46%]
tests/test_pair_rules.py::test_rule_c_case_sensitive PASSED              [ 46%]
tests/test_pair_rules.py::test_rule_c_requires_comma PASSED              [ 46%]
tests/test_pair_rules.py::test_rule_c_no_trigger PASSED                  [ 46%]
tests/test_pair_rules.py::test_apply_all_rules_single_pair PASSED        [ 46%]
tests/test_pair_rules.py::test_apply_all_rules_multiple_rules PASSED     [ 46%]
tests/test_pair_rules.py::test_apply_all_rules_no_matches PASSED         [ 46%]
tests/test_pair_rules.py::test_apply_all_rules_deduplication PASSED      [ 47%]
tests/test_pair_rules.py::test_empty_clause_list PASSED                  [ 47%]
tests/test_pair_rules.py::test_single_clause PASSED                      [ 47%]
tests/test_pair_rules.py::test_clauses_without_triggers PASSED           [ 47%]
tests/test_pair_rules.py::test_clause_pair_structure PASSED              [ 47%]
tests/test_pair_rules.py::test_clause_pair_order PASSED                  [ 47%]
tests/test_pair_rules.py::test_integration_full_pipeline PASSED          [ 47%]
tests/test_pair_rules.py::test_integration_complex_sentence PASSED       [ 47%]
tests/test_pair_rules.py::test_news_article PASSED                       [ 48%]
tests/test_pair_rules.py::test_literary_text PASSED                      [ 48%]
tests/test_pair_rules.py::test_technical_writing PASSED                  [ 48%]
tests/test_pair_rules.py::test_quick_apply_rules PASSED                  [ 48%]
tests/test_pair_rules.py::test_rule_combination_all_three PASSED         [ 48%]
tests/test_pair_rules.py::test_performance_many_clauses PASSED           [ 48%]
tests/test_pair_rules.py::test_performance_long_text PASSED              [ 48%]
tests/test_phonetic.py::TestPhoneticTranscriberBasic::test_phonetic_transcriber_initialization PASSED [ 48%]
tests/test_phonetic.py::TestPhoneticTranscriberBasic::test_initialization_logs_tier_info PASSED [ 49%]
tests/test_phonetic.py::TestTranscribe::test_transcribe_simple_word PASSED [ 49%]
tests/test_phonetic.py::TestTranscribe::test_transcribe_cat PASSED       [ 49%]
tests/test_phonetic.py::TestTranscribe::test_transcribe_dog PASSED       [ 49%]
tests/test_phonetic.py::TestTranscribe::test_transcribe_world PASSED     [ 49%]
tests/test_phonetic.py::TestTranscribe::test_transcribe_beautiful PASSED [ 49%]
tests/test_phonetic.py::TestTranscribe::test_transcribe_case_insensitive PASSED [ 49%]
tests/test_phonetic.py::TestTranscribe::test_transcribe_with_punctuation PASSED [ 49%]
tests/test_phonetic.py::TestTranscribe::test_transcribe_oov_word PASSED  [ 50%]
tests/test_phonetic.py::TestTranscribe::test_transcribe_nonsense_word PASSED [ 50%]
tests/test_phonetic.py::TestTranscribe::test_transcribe_empty_string PASSED [ 50%]
tests/test_phonetic.py::TestTranscribe::test_transcribe_whitespace_only PASSED [ 50%]
tests/test_phonetic.py::TestTranscribe::test_transcribe_punctuation_only PASSED [ 50%]
tests/test_phonetic.py::TestCountSyllables::test_count_syllables_simple_words PASSED [ 50%]
tests/test_phonetic.py::TestCountSyllables::test_count_syllables_longer_words PASSED [ 50%]
tests/test_phonetic.py::TestCountSyllables::test_count_syllables_monosyllabic PASSED [ 50%]
tests/test_phonetic.py::TestCountSyllables::test_count_syllables_case_insensitive PASSED [ 50%]
tests/test_phonetic.py::TestCountSyllables::test_count_syllables_with_punctuation PASSED [ 51%]
tests/test_phonetic.py::TestCountSyllables::test_count_syllables_oov_word PASSED [ 51%]
tests/test_phonetic.py::TestCountSyllables::test_count_syllables_empty_string PASSED [ 51%]
tests/test_phonetic.py::TestCountSyllables::test_count_syllables_whitespace PASSED [ 51%]
tests/test_phonetic.py::TestEstimateSyllables::test_estimate_syllables_single_vowel PASSED [ 51%]
tests/test_phonetic.py::TestEstimateSyllables::test_estimate_syllables_consonant_clusters PASSED [ 51%]
tests/test_phonetic.py::TestEstimateSyllables::test_estimate_syllables_multiple_vowels PASSED [ 51%]
tests/test_phonetic.py::TestEstimateSyllables::test_estimate_syllables_silent_e PASSED [ 51%]
tests/test_phonetic.py::TestEstimateSyllables::test_estimate_syllables_empty PASSED [ 52%]
tests/test_phonetic.py::TestGetStressedSyllables::test_get_stressed_syllables_hello PASSED [ 52%]
tests/test_phonetic.py::TestGetStressedSyllables::test_get_stressed_syllables_beautiful PASSED [ 52%]
tests/test_phonetic.py::TestGetStressedSyllables::test_get_stressed_syllables_multiple_stress PASSED [ 52%]
tests/test_phonetic.py::TestGetStressedSyllables::test_get_stressed_syllables_no_stress PASSED [ 52%]
tests/test_phonetic.py::TestGetStressedSyllables::test_get_stressed_syllables_empty PASSED [ 52%]
tests/test_phonetic.py::TestGetStressedSyllables::test_get_stressed_syllables_single_phoneme PASSED [ 52%]
tests/test_phonetic.py::TestTranscribeTokens::test_transcribe_tokens_simple PASSED [ 52%]
tests/test_phonetic.py::TestTranscribeTokens::test_transcribe_tokens_preserves_text PASSED [ 53%]
tests/test_phonetic.py::TestTranscribeTokens::test_transcribe_tokens_preserves_pos_tag PASSED [ 53%]
tests/test_phonetic.py::TestTranscribeTokens::test_transcribe_tokens_preserves_is_content_word PASSED [ 53%]
tests/test_phonetic.py::TestTranscribeTokens::test_transcribe_tokens_empty_list PASSED [ 53%]
tests/test_phonetic.py::TestTranscribeTokens::test_transcribe_tokens_mixed_words PASSED [ 53%]
tests/test_phonetic.py::TestIntegrationWithPreviousComponents::test_full_pipeline_tokenizer_to_phonetic PASSED [ 53%]
tests/test_phonetic.py::TestIntegrationWithPreviousComponents::test_full_pipeline_with_pos_tagger PASSED [ 53%]
tests/test_phonetic.py::TestQuickTranscribeHelper::test_quick_transcribe_works PASSED [ 53%]
tests/test_phonetic.py::TestQuickTranscribeHelper::test_quick_transcribe_various_words PASSED [ 53%]
tests/test_phonetic.py::TestGetRhymingWords::test_get_rhyming_words_cat PASSED [ 54%]
tests/test_phonetic.py::TestGetRhymingWords::test_get_rhyming_words_respects_max_results PASSED [ 54%]
tests/test_phonetic.py::TestGetRhymingWords::test_get_rhyming_words_case_insensitive PASSED [ 54%]
tests/test_phonetic.py::TestEdgeCases::test_transcribe_numbers PASSED    [ 54%]
tests/test_phonetic.py::TestEdgeCases::test_transcribe_contractions PASSED [ 54%]
tests/test_phonetic.py::TestEdgeCases::test_transcribe_special_characters PASSED [ 54%]
tests/test_phonetic.py::TestEdgeCases::test_transcribe_hyphenated_words PASSED [ 54%]
tests/test_phonetic.py::TestEdgeCases::test_count_syllables_very_long_word PASSED [ 54%]
tests/test_phonetic.py::TestStressPatterns::test_primary_stress_marked_with_1 PASSED [ 55%]
tests/test_phonetic.py::TestStressPatterns::test_secondary_stress_marked_with_2 PASSED [ 55%]
tests/test_phonetic.py::TestStressPatterns::test_unstressed_syllables_not_in_list PASSED [ 55%]
tests/test_phonetic_analyzer.py::test_initialization PASSED              [ 55%]
tests/test_phonetic_analyzer.py::test_analyzer_has_analyze_method PASSED [ 55%]
tests/test_phonetic_analyzer.py::test_analyzer_has_calculate_phonetic_similarity PASSED [ 55%]
tests/test_phonetic_analyzer.py::TestCalculatePhoneticSimilarity::test_identical_phonetics PASSED [ 55%]
tests/test_phonetic_analyzer.py::TestCalculatePhoneticSimilarity::test_completely_different PASSED [ 55%]
tests/test_phonetic_analyzer.py::TestCalculatePhoneticSimilarity::test_one_phoneme_difference PASSED [ 56%]
tests/test_phonetic_analyzer.py::TestCalculatePhoneticSimilarity::test_empty_string_handling PASSED [ 56%]
tests/test_phonetic_analyzer.py::TestCalculatePhoneticSimilarity::test_similarity_in_range PASSED [ 56%]
tests/test_phonetic_analyzer.py::TestCalculatePhoneticSimilarity::test_symmetry PASSED [ 56%]
tests/test_phonetic_analyzer.py::TestAnalyze::test_empty_zones_return_zero PASSED [ 56%]
tests/test_phonetic_analyzer.py::TestAnalyze::test_identical_single_token_zones PASSED [ 56%]
tests/test_phonetic_analyzer.py::TestAnalyze::test_similar_single_token_zones PASSED [ 56%]
tests/test_phonetic_analyzer.py::TestAnalyze::test_different_single_token_zones PASSED [ 56%]
tests/test_phonetic_analyzer.py::TestAnalyze::test_multi_token_zones PASSED [ 56%]
tests/test_phonetic_analyzer.py::TestAnalyze::test_best_match_selection PASSED [ 57%]
tests/test_phonetic_analyzer.py::TestAnalyze::test_tokens_without_phonetics PASSED [ 57%]
tests/test_phonetic_analyzer.py::TestAnalyze::test_all_tokens_without_phonetics PASSED [ 57%]
tests/test_phonetic_analyzer.py::TestRealWorldPhonetics::test_rhyming_words PASSED [ 57%]
tests/test_phonetic_analyzer.py::TestRealWorldPhonetics::test_alliteration PASSED [ 57%]
tests/test_phonetic_analyzer.py::TestRealWorldPhonetics::test_homophones PASSED [ 57%]
tests/test_phonetic_analyzer.py::TestRealWorldPhonetics::test_compound_words PASSED [ 57%]
tests/test_phonetic_analyzer.py::TestEdgeCases::test_single_phoneme_tokens PASSED [ 57%]
tests/test_phonetic_analyzer.py::TestEdgeCases::test_very_long_phonetic_strings PASSED [ 58%]
tests/test_phonetic_analyzer.py::TestEdgeCases::test_mixed_zone_sizes PASSED [ 58%]
tests/test_phonetic_analyzer.py::test_quick_phonetic_analysis PASSED     [ 58%]
tests/test_phonetic_analyzer.py::test_quick_analysis_matches_class_method PASSED [ 58%]
tests/test_phonetic_analyzer.py::TestIntegration::test_with_preprocessor_output PASSED [ 58%]
tests/test_phonetic_analyzer.py::TestIntegration::test_reusable_analyzer PASSED [ 58%]
tests/test_pipeline.py::TestLinguisticPreprocessorBasic::test_linguistic_preprocessor_initialization PASSED [ 58%]
tests/test_pipeline.py::TestLinguisticPreprocessorBasic::test_subcomponents_initialized PASSED [ 58%]
tests/test_pipeline.py::TestProcess::test_process_simple_sentence PASSED [ 59%]
tests/test_pipeline.py::TestProcess::test_process_returns_tuple PASSED   [ 59%]
tests/test_pipeline.py::TestProcess::test_process_populates_all_token_fields PASSED [ 59%]
tests/test_pipeline.py::TestProcess::test_process_identifies_content_words PASSED [ 59%]
tests/test_pipeline.py::TestProcess::test_process_creates_dependency_parse PASSED [ 59%]
tests/test_pipeline.py::TestProcess::test_process_multiple_sentences PASSED [ 59%]
tests/test_pipeline.py::TestProcess::test_process_empty_string PASSED    [ 59%]
tests/test_pipeline.py::TestProcess::test_process_whitespace_only PASSED [ 59%]
tests/test_pipeline.py::TestDataFlow::test_sequential_enrichment PASSED  [ 60%]
tests/test_pipeline.py::TestDataFlow::test_complete_pipeline_integration PASSED [ 60%]
tests/test_pipeline.py::TestDataFlow::test_token_count_matches_reasonable_expectation PASSED [ 60%]
tests/test_pipeline.py::TestContentWordFiltering::test_content_word_ratio_reasonable PASSED [ 60%]
tests/test_pipeline.py::TestContentWordFiltering::test_function_words_not_marked_as_content PASSED [ 60%]
tests/test_pipeline.py::TestContentWordFiltering::test_nouns_marked_as_content PASSED [ 60%]
tests/test_pipeline.py::TestContentWordFiltering::test_verbs_marked_as_content PASSED [ 60%]
tests/test_pipeline.py::TestPhoneticEnrichment::test_phonetic_fields_populated PASSED [ 60%]
tests/test_pipeline.py::TestPhoneticEnrichment::test_phonetic_transcriptions_accurate PASSED [ 60%]
tests/test_pipeline.py::TestPhoneticEnrichment::test_syllable_counts_accurate PASSED [ 61%]
tests/test_pipeline.py::TestDependencyParse::test_dependency_parse_structure PASSED [ 61%]
tests/test_pipeline.py::TestDependencyParse::test_dependency_parse_complex_sentence PASSED [ 61%]
tests/test_pipeline.py::TestDependencyParse::test_dependency_parse_subordinate_clause PASSED [ 61%]
tests/test_pipeline.py::TestBatchProcessing::test_process_batch_multiple_texts PASSED [ 61%]
tests/test_pipeline.py::TestBatchProcessing::test_process_batch_empty_list PASSED [ 61%]
tests/test_pipeline.py::TestBatchProcessing::test_process_batch_single_text PASSED [ 61%]
tests/test_pipeline.py::TestGetTokenCount::test_get_token_count_simple PASSED [ 61%]
tests/test_pipeline.py::TestGetTokenCount::test_get_token_count_empty PASSED [ 62%]
tests/test_pipeline.py::TestGetTokenCount::test_get_token_count_matches_process PASSED [ 62%]
tests/test_pipeline.py::TestQuickProcessHelper::test_quick_process_works PASSED [ 62%]
tests/test_pipeline.py::TestQuickProcessHelper::test_quick_process_returns_correct_types PASSED [ 62%]
tests/test_pipeline.py::TestEdgeCases::test_process_very_long_sentence PASSED [ 62%]
tests/test_pipeline.py::TestEdgeCases::test_process_special_characters PASSED [ 62%]
tests/test_pipeline.py::TestEdgeCases::test_process_numbers PASSED       [ 62%]
tests/test_pipeline.py::TestEdgeCases::test_process_mixed_case PASSED    [ 62%]
tests/test_pipeline.py::TestEdgeCases::test_process_unicode PASSED       [ 63%]
tests/test_pipeline.py::TestValidation::test_validation_passes_for_good_output PASSED [ 63%]
tests/test_pipeline.py::TestValidation::test_validation_handles_empty_input PASSED [ 63%]
tests/test_pipeline.py::TestRealWorldTexts::test_process_short_paragraph PASSED [ 63%]
tests/test_pipeline.py::TestRealWorldTexts::test_process_complex_sentence_structure PASSED [ 63%]
tests/test_pipeline.py::TestRealWorldTexts::test_process_with_conjunctions PASSED [ 63%]
tests/test_pipeline.py::TestRealWorldTexts::test_process_news_article_excerpt PASSED [ 63%]
tests/test_pipeline.py::TestRealWorldTexts::test_process_conversational_text PASSED [ 63%]
tests/test_pipeline.py::TestRealWorldTexts::test_process_literary_excerpt PASSED [ 63%]
tests/test_pipeline.py::TestRealWorldTexts::test_process_technical_documentation PASSED [ 64%]
tests/test_pipeline.py::TestRealWorldTexts::test_process_academic_writing PASSED [ 64%]
tests/test_pipeline.py::TestRealWorldTexts::test_process_dialogue_with_quotations PASSED [ 64%]
tests/test_pos_tagger.py::TestPOSTaggerBasic::test_pos_tagger_initialization PASSED [ 64%]
tests/test_pos_tagger.py::TestPOSTaggerBasic::test_content_pos_tags_defined PASSED [ 64%]
tests/test_pos_tagger.py::TestPOSTagging::test_tag_simple_tokens PASSED  [ 64%]
tests/test_pos_tagger.py::TestPOSTagging::test_tag_preserves_text PASSED [ 64%]
tests/test_pos_tagger.py::TestPOSTagging::test_tag_noun_correctly PASSED [ 64%]
tests/test_pos_tagger.py::TestPOSTagging::test_tag_verb_correctly PASSED [ 65%]
tests/test_pos_tagger.py::TestPOSTagging::test_tag_adjective_correctly PASSED [ 65%]
tests/test_pos_tagger.py::TestPOSTagging::test_tag_determiner_correctly PASSED [ 65%]
tests/test_pos_tagger.py::TestPOSTagging::test_tag_empty_list PASSED     [ 65%]
tests/test_pos_tagger.py::TestPOSTagging::test_tag_preserves_other_fields PASSED [ 65%]
tests/test_pos_tagger.py::TestContentWordIdentification::test_is_content_word_noun PASSED [ 65%]
tests/test_pos_tagger.py::TestContentWordIdentification::test_is_content_word_verb PASSED [ 65%]
tests/test_pos_tagger.py::TestContentWordIdentification::test_is_content_word_adjective PASSED [ 65%]
tests/test_pos_tagger.py::TestContentWordIdentification::test_is_content_word_adverb PASSED [ 66%]
tests/test_pos_tagger.py::TestContentWordIdentification::test_is_not_content_word_determiner PASSED [ 66%]
tests/test_pos_tagger.py::TestContentWordIdentification::test_is_not_content_word_preposition PASSED [ 66%]
tests/test_pos_tagger.py::TestContentWordIdentification::test_is_not_content_word_pronoun PASSED [ 66%]
tests/test_pos_tagger.py::TestContentWordIdentification::test_is_not_content_word_punctuation PASSED [ 66%]
tests/test_pos_tagger.py::TestContentWordIdentification::test_is_content_word_from_pos_directly PASSED [ 66%]
tests/test_pos_tagger.py::TestContentWordSetting::test_tag_sets_content_word_flag_true PASSED [ 66%]
tests/test_pos_tagger.py::TestContentWordSetting::test_tag_sets_content_word_flag_false PASSED [ 66%]
tests/test_pos_tagger.py::TestContentWordSetting::test_tag_mixed_content_and_function_words PASSED [ 66%]
tests/test_pos_tagger.py::TestGetContentWords::test_get_content_words_filters_correctly PASSED [ 67%]
tests/test_pos_tagger.py::TestGetContentWords::test_get_content_words_empty_list PASSED [ 67%]
tests/test_pos_tagger.py::TestGetContentWords::test_get_content_words_all_function_words PASSED [ 67%]
tests/test_pos_tagger.py::TestGetContentWords::test_get_content_words_all_content_words PASSED [ 67%]
tests/test_pos_tagger.py::TestTagTextDirectly::test_tag_text_directly_works PASSED [ 67%]
tests/test_pos_tagger.py::TestTagTextDirectly::test_tag_text_directly_returns_tokens PASSED [ 67%]
tests/test_pos_tagger.py::TestTagTextDirectly::test_tag_text_directly_sets_content_words PASSED [ 67%]
tests/test_pos_tagger.py::TestIntegrationWithTokenizer::test_full_pipeline_tokenizer_to_pos_tagger PASSED [ 67%]
tests/test_pos_tagger.py::TestIntegrationWithTokenizer::test_pipeline_with_contractions PASSED [ 68%]
tests/test_pos_tagger.py::TestIntegrationWithTokenizer::test_pipeline_preserves_token_count PASSED [ 68%]
tests/test_pos_tagger.py::TestEdgeCases::test_tag_single_token PASSED    [ 68%]
tests/test_pos_tagger.py::TestEdgeCases::test_tag_punctuation_only PASSED [ 68%]
tests/test_pos_tagger.py::TestEdgeCases::test_tag_numbers PASSED         [ 68%]
tests/test_pos_tagger.py::TestEdgeCases::test_tag_proper_nouns PASSED    [ 68%]
tests/test_scoring_pipeline.py::test_initialization PASSED               [ 68%]
tests/test_scoring_pipeline.py::test_has_required_methods PASSED         [ 68%]
tests/test_scoring_pipeline.py::test_score_document_single_perfect_echo PASSED [ 69%]
tests/test_scoring_pipeline.py::test_score_document_single_zero_echo PASSED [ 69%]
tests/test_scoring_pipeline.py::test_score_document_single_mixed_echo PASSED [ 69%]
tests/test_scoring_pipeline.py::test_score_document_multiple_echoes PASSED [ 69%]
tests/test_scoring_pipeline.py::test_score_document_empty_list PASSED    [ 69%]
tests/test_scoring_pipeline.py::test_score_document_with_nan_values PASSED [ 69%]
tests/test_scoring_pipeline.py::test_score_document_all_nan_scores PASSED [ 69%]
tests/test_scoring_pipeline.py::test_score_document_mixed_perfect_and_zero PASSED [ 69%]
tests/test_scoring_pipeline.py::test_score_document_many_echoes PASSED   [ 70%]
tests/test_scoring_pipeline.py::test_delegates_to_weighted_scorer PASSED [ 70%]
tests/test_scoring_pipeline.py::test_delegates_to_aggregator PASSED      [ 70%]
tests/test_scoring_pipeline.py::test_correct_number_of_pair_scores_generated PASSED [ 70%]
tests/test_scoring_pipeline.py::test_output_is_float PASSED              [ 70%]
tests/test_scoring_pipeline.py::test_output_in_valid_range PASSED        [ 70%]
tests/test_scoring_pipeline.py::test_consistent_output PASSED            [ 70%]
tests/test_scoring_pipeline.py::test_end_to_end_watermarked_signal PASSED [ 70%]
tests/test_scoring_pipeline.py::test_end_to_end_natural_text_signal PASSED [ 70%]
tests/test_scoring_pipeline.py::test_end_to_end_unwatermarked_ai_signal PASSED [ 71%]
tests/test_scoring_pipeline.py::test_mean_property_preserved PASSED      [ 71%]
tests/test_scoring_pipeline.py::test_variance_in_scores PASSED           [ 71%]
tests/test_semantic_analyzer.py::TestSemanticAnalyzerInitialization::test_initialization_without_model PASSED [ 71%]
tests/test_semantic_analyzer.py::TestSemanticAnalyzerInitialization::test_initialization_with_invalid_path PASSED [ 71%]
tests/test_semantic_analyzer.py::TestSemanticAnalysisWithMockModel::test_analyze_synonyms PASSED [ 71%]
tests/test_semantic_analyzer.py::TestSemanticAnalysisWithMockModel::test_analyze_unrelated PASSED [ 71%]
tests/test_semantic_analyzer.py::TestSemanticAnalysisWithMockModel::test_analyze_identical PASSED [ 71%]
tests/test_semantic_analyzer.py::TestSemanticAnalysisEdgeCases::test_empty_zone_a PASSED [ 72%]
tests/test_semantic_analyzer.py::TestSemanticAnalysisEdgeCases::test_empty_zone_b PASSED [ 72%]
tests/test_semantic_analyzer.py::TestSemanticAnalysisEdgeCases::test_both_zones_empty PASSED [ 72%]
tests/test_semantic_analyzer.py::TestSemanticAnalysisEdgeCases::test_no_model_fallback PASSED [ 72%]
tests/test_semantic_analyzer.py::TestSemanticAnalysisEdgeCases::test_all_tokens_oov PASSED [ 72%]
tests/test_semantic_analyzer.py::TestSemanticAnalysisEdgeCases::test_partial_oov PASSED [ 72%]
tests/test_semantic_analyzer.py::TestMeanPooling::test_get_zone_vector_single_token PASSED [ 72%]
tests/test_semantic_analyzer.py::TestMeanPooling::test_get_zone_vector_multiple_tokens PASSED [ 72%]
tests/test_semantic_analyzer.py::TestMeanPooling::test_get_zone_vector_all_oov PASSED [ 73%]
tests/test_semantic_analyzer.py::TestMeanPooling::test_get_zone_vector_case_insensitive PASSED [ 73%]
tests/test_semantic_analyzer.py::TestCosineSimilarity::test_cosine_similarity_identical_vectors PASSED [ 73%]
tests/test_semantic_analyzer.py::TestCosineSimilarity::test_cosine_similarity_orthogonal_vectors PASSED [ 73%]
tests/test_semantic_analyzer.py::TestCosineSimilarity::test_cosine_similarity_opposite_vectors PASSED [ 73%]
tests/test_semantic_analyzer.py::TestCosineSimilarity::test_cosine_similarity_zero_vector_a PASSED [ 73%]
tests/test_semantic_analyzer.py::TestCosineSimilarity::test_cosine_similarity_zero_vector_b PASSED [ 73%]
tests/test_semantic_analyzer.py::TestCosineSimilarity::test_cosine_similarity_range_clipping PASSED [ 73%]
tests/test_semantic_analyzer.py::TestIntegrationWithRealScenarios::test_high_similarity_scenario PASSED [ 73%]
tests/test_semantic_analyzer.py::TestIntegrationWithRealScenarios::test_low_similarity_scenario PASSED [ 74%]
tests/test_semantic_analyzer.py::TestIntegrationWithRealScenarios::test_mixed_similarity_scenario PASSED [ 74%]
tests/test_semantic_analyzer.py::TestReturnValueConstraints::test_similarity_in_valid_range PASSED [ 74%]
tests/test_semantic_analyzer.py::TestReturnValueConstraints::test_similarity_is_float PASSED [ 74%]
tests/test_semantic_analyzer.py::TestReturnValueConstraints::test_deterministic_results PASSED [ 74%]
tests/test_statistical_validator.py::TestStatisticalValidatorInitialization::test_successful_initialization PASSED [ 74%]
tests/test_statistical_validator.py::TestStatisticalValidatorInitialization::test_missing_baseline_file_raises_error PASSED [ 74%]
tests/test_statistical_validator.py::TestStatisticalValidatorInitialization::test_error_message_includes_path PASSED [ 74%]
tests/test_statistical_validator.py::TestStatisticalValidatorInitialization::test_components_initialized PASSED [ 75%]
tests/test_statistical_validator.py::TestStatisticalValidatorBasicValidation::test_validate_score_above_mean PASSED [ 75%]
tests/test_statistical_validator.py::TestStatisticalValidatorBasicValidation::test_validate_score_below_mean PASSED [ 75%]
tests/test_statistical_validator.py::TestStatisticalValidatorBasicValidation::test_validate_score_at_mean PASSED [ 75%]
tests/test_statistical_validator.py::TestStatisticalValidatorBasicValidation::test_validate_returns_tuple PASSED [ 75%]
tests/test_statistical_validator.py::TestStatisticalValidatorBasicValidation::test_validate_multiple_scores PASSED [ 75%]
tests/test_statistical_validator.py::TestStatisticalValidatorEdgeCases::test_very_high_score PASSED [ 75%]
tests/test_statistical_validator.py::TestStatisticalValidatorEdgeCases::test_very_low_score PASSED [ 75%]
tests/test_statistical_validator.py::TestStatisticalValidatorEdgeCases::test_score_at_zero PASSED [ 76%]
tests/test_statistical_validator.py::TestStatisticalValidatorEdgeCases::test_score_at_one PASSED [ 76%]
tests/test_statistical_validator.py::TestStatisticalValidatorOrchestration::test_calls_z_score_calculator PASSED [ 76%]
tests/test_statistical_validator.py::TestStatisticalValidatorOrchestration::test_calls_confidence_converter PASSED [ 76%]
tests/test_statistical_validator.py::TestStatisticalValidatorOrchestration::test_sequential_processing PASSED [ 76%]
tests/test_statistical_validator.py::TestStatisticalValidatorHelperMethods::test_get_baseline_info PASSED [ 76%]
tests/test_statistical_validator.py::TestStatisticalValidatorHelperMethods::test_classify_watermarked PASSED [ 76%]
tests/test_statistical_validator.py::TestStatisticalValidatorHelperMethods::test_classify_human PASSED [ 76%]
tests/test_statistical_validator.py::TestStatisticalValidatorHelperMethods::test_classify_uncertain PASSED [ 76%]
tests/test_statistical_validator.py::TestStatisticalValidatorHelperMethods::test_classify_custom_threshold PASSED [ 77%]
tests/test_statistical_validator.py::TestStatisticalValidatorIntegration::test_realistic_watermark_detection PASSED [ 77%]
tests/test_statistical_validator.py::TestStatisticalValidatorIntegration::test_realistic_human_text PASSED [ 77%]
tests/test_statistical_validator.py::TestStatisticalValidatorIntegration::test_uncertain_boundary_case PASSED [ 77%]
tests/test_statistical_validator.py::TestStatisticalValidatorIntegration::test_batch_validation PASSED [ 77%]
tests/test_statistical_validator.py::TestStatisticalValidatorStatelessBehavior::test_multiple_validations_independent PASSED [ 77%]
tests/test_statistical_validator.py::TestStatisticalValidatorStatelessBehavior::test_reusable_validator PASSED [ 77%]
tests/test_structural_analyzer.py::test_initialization PASSED            [ 77%]
tests/test_structural_analyzer.py::test_analyzer_has_analyze_method PASSED [ 78%]
tests/test_structural_analyzer.py::test_analyzer_has_compare_pos_patterns PASSED [ 78%]
tests/test_structural_analyzer.py::test_analyzer_has_compare_syllable_counts PASSED [ 78%]
tests/test_structural_analyzer.py::TestComparePOSPatterns::test_identical_pos_patterns PASSED [ 78%]
tests/test_structural_analyzer.py::TestComparePOSPatterns::test_different_pos_patterns PASSED [ 78%]
tests/test_structural_analyzer.py::TestComparePOSPatterns::test_empty_zone_a PASSED [ 78%]
tests/test_structural_analyzer.py::TestComparePOSPatterns::test_empty_zone_b PASSED [ 78%]
tests/test_structural_analyzer.py::TestComparePOSPatterns::test_both_zones_empty PASSED [ 78%]
tests/test_structural_analyzer.py::TestComparePOSPatterns::test_none_pos_tags_skipped PASSED [ 79%]
tests/test_structural_analyzer.py::TestComparePOSPatterns::test_all_none_pos_tags PASSED [ 79%]
tests/test_structural_analyzer.py::TestComparePOSPatterns::test_different_length_patterns PASSED [ 79%]
tests/test_structural_analyzer.py::TestCompareSyllableCounts::test_identical_syllable_counts PASSED [ 79%]
tests/test_structural_analyzer.py::TestCompareSyllableCounts::test_different_syllable_counts PASSED [ 79%]
tests/test_structural_analyzer.py::TestCompareSyllableCounts::test_empty_zone_a_syllables PASSED [ 79%]
tests/test_structural_analyzer.py::TestCompareSyllableCounts::test_empty_zone_b_syllables PASSED [ 79%]
tests/test_structural_analyzer.py::TestCompareSyllableCounts::test_both_zones_empty_syllables PASSED [ 79%]
tests/test_structural_analyzer.py::TestCompareSyllableCounts::test_none_syllable_counts_skipped PASSED [ 80%]
tests/test_structural_analyzer.py::TestCompareSyllableCounts::test_all_none_syllable_counts PASSED [ 80%]
tests/test_structural_analyzer.py::TestCompareSyllableCounts::test_both_zero_syllables PASSED [ 80%]
tests/test_structural_analyzer.py::TestCompareSyllableCounts::test_large_syllable_difference PASSED [ 80%]
tests/test_structural_analyzer.py::TestAnalyze::test_identical_structure PASSED [ 80%]
tests/test_structural_analyzer.py::TestAnalyze::test_different_structure PASSED [ 80%]
tests/test_structural_analyzer.py::TestAnalyze::test_same_syllables_different_pos PASSED [ 80%]
tests/test_structural_analyzer.py::TestAnalyze::test_empty_zone_a_returns_zero PASSED [ 80%]
tests/test_structural_analyzer.py::TestAnalyze::test_empty_zone_b_returns_zero PASSED [ 80%]
tests/test_structural_analyzer.py::TestAnalyze::test_both_zones_empty_returns_zero PASSED [ 81%]
tests/test_structural_analyzer.py::TestAnalyze::test_output_in_valid_range PASSED [ 81%]
tests/test_structural_analyzer.py::TestAnalyze::test_single_token_zones PASSED [ 81%]
tests/test_structural_analyzer.py::TestRealWorldStructures::test_parallel_adjective_noun_structure PASSED [ 81%]
tests/test_structural_analyzer.py::TestRealWorldStructures::test_different_syntactic_roles PASSED [ 81%]
tests/test_structural_analyzer.py::TestRealWorldStructures::test_verb_heavy_zones PASSED [ 81%]
tests/test_structural_analyzer.py::TestRealWorldStructures::test_complex_multisyllabic_words PASSED [ 81%]
tests/test_structural_analyzer.py::TestEdgeCases::test_mixed_none_and_valid_data PASSED [ 81%]
tests/test_structural_analyzer.py::TestEdgeCases::test_very_long_zones PASSED [ 82%]
tests/test_structural_analyzer.py::TestEdgeCases::test_all_data_none PASSED [ 82%]
tests/test_structural_analyzer.py::TestConvenienceFunctions::test_quick_structural_analysis PASSED [ 82%]
tests/test_structural_analyzer.py::TestIntegration::test_with_preprocessor_output PASSED [ 82%]
tests/test_structural_analyzer.py::TestIntegration::test_reusable_analyzer PASSED [ 82%]
tests/test_tokenizer.py::TestTokenizerBasic::test_tokenizer_initialization PASSED [ 82%]
tests/test_tokenizer.py::TestTokenizerBasic::test_tokenize_simple_text PASSED [ 82%]
tests/test_tokenizer.py::TestTokenizerBasic::test_tokenize_with_punctuation PASSED [ 82%]
tests/test_tokenizer.py::TestTokenizerBasic::test_tokenize_contractions PASSED [ 83%]
tests/test_tokenizer.py::TestTokenizerBasic::test_tokenize_returns_token_objects PASSED [ 83%]
tests/test_tokenizer.py::TestTokenizerBasic::test_token_placeholder_fields PASSED [ 83%]
tests/test_tokenizer.py::TestTokenizerBasic::test_tokenize_empty_string PASSED [ 83%]
tests/test_tokenizer.py::TestTokenizerBasic::test_tokenize_whitespace_only PASSED [ 83%]
tests/test_tokenizer.py::TestTokenizerBasic::test_tokenize_multiline_text PASSED [ 83%]
tests/test_tokenizer.py::TestTokenizerWithDoc::test_tokenize_with_doc_returns_tuple PASSED [ 83%]
tests/test_tokenizer.py::TestTokenizerWithDoc::test_tokenize_with_doc_tokens_match PASSED [ 83%]
tests/test_tokenizer.py::TestTokenizerWithDoc::test_tokenize_with_doc_returns_spacy_doc PASSED [ 83%]
tests/test_tokenizer.py::TestTokenizerWithDoc::test_tokenize_with_doc_empty_string PASSED [ 84%]
tests/test_tokenizer.py::TestQuickTokenize::test_quick_tokenize_works PASSED [ 84%]
tests/test_tokenizer.py::TestQuickTokenize::test_quick_tokenize_returns_tokens PASSED [ 84%]
tests/test_tokenizer.py::TestTokenizerEdgeCases::test_tokenize_numbers PASSED [ 84%]
tests/test_tokenizer.py::TestTokenizerEdgeCases::test_tokenize_special_characters PASSED [ 84%]
tests/test_tokenizer.py::TestTokenizerEdgeCases::test_tokenize_hyphenated_words PASSED [ 84%]
tests/test_tokenizer.py::TestTokenizerEdgeCases::test_tokenize_long_text PASSED [ 84%]
tests/test_tokenizer.py::TestTokenizerEdgeCases::test_tokenize_apostrophes PASSED [ 84%]
tests/test_utils.py::TestLoadTextFile::test_load_simple_text_file PASSED [ 85%]
tests/test_utils.py::TestLoadTextFile::test_load_multiline_text PASSED   [ 85%]
tests/test_utils.py::TestLoadTextFile::test_load_empty_file_warns PASSED [ 85%]
tests/test_utils.py::TestLoadTextFile::test_load_nonexistent_file_raises_error PASSED [ 85%]
tests/test_utils.py::TestLoadTextFile::test_load_directory_raises_error PASSED [ 85%]
tests/test_utils.py::TestLoadTextFile::test_load_with_different_encoding PASSED [ 85%]
tests/test_utils.py::TestSaveAnalysisResults::test_save_as_json PASSED   [ 85%]
tests/test_utils.py::TestSaveAnalysisResults::test_save_as_text PASSED   [ 85%]
tests/test_utils.py::TestSaveAnalysisResults::test_save_creates_parent_directories PASSED [ 86%]
tests/test_utils.py::TestSaveAnalysisResults::test_save_invalid_format_raises_error PASSED [ 86%]
tests/test_utils.py::TestSaveAnalysisResults::test_text_format_includes_verdict PASSED [ 86%]
tests/test_utils.py::TestSetupLogging::test_setup_logging_info_level PASSED [ 86%]
tests/test_utils.py::TestSetupLogging::test_setup_logging_debug_level PASSED [ 86%]
tests/test_utils.py::TestSetupLogging::test_setup_logging_warning_filters_info PASSED [ 86%]
tests/test_utils.py::TestSetupLogging::test_setup_logging_invalid_level_raises_error PASSED [ 86%]
tests/test_utils.py::TestSetupLogging::test_setup_logging_with_file PASSED [ 86%]
tests/test_utils.py::TestHandleErrorsDecorator::test_handle_errors_returns_default_on_exception PASSED [ 86%]
tests/test_utils.py::TestHandleErrorsDecorator::test_handle_errors_allows_success PASSED [ 87%]
tests/test_utils.py::TestHandleErrorsDecorator::test_handle_errors_with_list_default PASSED [ 87%]
tests/test_utils.py::TestHandleErrorsDecorator::test_handle_errors_logs_when_enabled PASSED [ 87%]
tests/test_utils.py::TestRetryOnFailureDecorator::test_retry_succeeds_on_first_attempt PASSED [ 87%]
tests/test_utils.py::TestRetryOnFailureDecorator::test_retry_succeeds_after_failures PASSED [ 87%]
tests/test_utils.py::TestRetryOnFailureDecorator::test_retry_exhausts_attempts PASSED [ 87%]
tests/test_utils.py::TestRetryOnFailureDecorator::test_retry_specific_exceptions PASSED [ 87%]
tests/test_utils.py::TestValidateInputDecorator::test_validate_input_passes_valid_args PASSED [ 87%]
tests/test_utils.py::TestValidateInputDecorator::test_validate_input_rejects_invalid_args PASSED [ 88%]
tests/test_utils.py::TestValidateInputDecorator::test_validate_input_multiple_validators PASSED [ 88%]
tests/test_utils.py::TestValidateInputDecorator::test_validate_input_with_kwargs PASSED [ 88%]
tests/test_utils.py::TestHelperUtilities::test_ensure_directory_creates_dir PASSED [ 88%]
tests/test_utils.py::TestHelperUtilities::test_ensure_directory_creates_nested_dirs PASSED [ 88%]
tests/test_utils.py::TestHelperUtilities::test_ensure_directory_idempotent PASSED [ 88%]
tests/test_utils.py::TestHelperUtilities::test_get_file_extension PASSED [ 88%]
tests/test_utils.py::TestHelperUtilities::test_get_file_extension_no_extension PASSED [ 88%]
tests/test_utils.py::TestUtilsIntegration::test_full_workflow_load_and_save PASSED [ 89%]
tests/test_weighted_scorer.py::TestInitialization::test_default_initialization PASSED [ 89%]
tests/test_weighted_scorer.py::TestInitialization::test_initialization_with_config PASSED [ 89%]
tests/test_weighted_scorer.py::TestInitialization::test_initialization_with_weights PASSED [ 89%]
tests/test_weighted_scorer.py::TestInitialization::test_weights_validation PASSED [ 89%]
tests/test_weighted_scorer.py::TestInitialization::test_weights_validation_tolerance PASSED [ 89%]
tests/test_weighted_scorer.py::TestInitialization::test_get_weights PASSED [ 89%]
tests/test_weighted_scorer.py::TestWeightedSum::test_perfect_echo_score PASSED [ 89%]
tests/test_weighted_scorer.py::TestWeightedSum::test_zero_echo_score PASSED [ 90%]
tests/test_weighted_scorer.py::TestWeightedSum::test_mixed_echo_score PASSED [ 90%]
tests/test_weighted_scorer.py::TestWeightedSum::test_custom_weights PASSED [ 90%]
tests/test_weighted_scorer.py::TestWeightedSum::test_weights_override_per_call PASSED [ 90%]
tests/test_weighted_scorer.py::TestNaNHandling::test_single_nan_phonetic PASSED [ 90%]
tests/test_weighted_scorer.py::TestNaNHandling::test_single_nan_structural PASSED [ 90%]
tests/test_weighted_scorer.py::TestNaNHandling::test_single_nan_semantic PASSED [ 90%]
tests/test_weighted_scorer.py::TestNaNHandling::test_multiple_nans PASSED [ 90%]
tests/test_weighted_scorer.py::TestNaNHandling::test_all_nans PASSED     [ 90%]
tests/test_weighted_scorer.py::TestClipping::test_no_clipping_needed_for_valid_scores PASSED [ 91%]
tests/test_weighted_scorer.py::TestClipping::test_output_always_in_range PASSED [ 91%]
tests/test_weighted_scorer.py::TestConfigIntegration::test_load_simple_profile PASSED [ 91%]
tests/test_weighted_scorer.py::TestConfigIntegration::test_load_custom_profile PASSED [ 91%]
tests/test_weighted_scorer.py::TestConfigIntegration::test_config_missing_data_strategy_zero PASSED [ 91%]
tests/test_weighted_scorer.py::TestEdgeCases::test_very_small_scores PASSED [ 91%]
tests/test_weighted_scorer.py::TestEdgeCases::test_very_high_scores_near_one PASSED [ 91%]
tests/test_weighted_scorer.py::TestEdgeCases::test_mixed_extreme_values PASSED [ 91%]
tests/test_weighted_scorer.py::TestKnownValues::test_known_value_1 PASSED [ 92%]
tests/test_weighted_scorer.py::TestKnownValues::test_known_value_2 PASSED [ 92%]
tests/test_weighted_scorer.py::TestKnownValues::test_known_value_3_with_custom_weights PASSED [ 92%]
tests/test_weighted_scorer.py::TestComparisons::test_higher_all_dimensions_higher_score PASSED [ 92%]
tests/test_weighted_scorer.py::TestComparisons::test_equal_weighted_contribution PASSED [ 92%]
tests/test_z_score.py::TestZScoreCalculatorBasicCalculation::test_positive_z_score PASSED [ 92%]
tests/test_z_score.py::TestZScoreCalculatorBasicCalculation::test_negative_z_score PASSED [ 92%]
tests/test_z_score.py::TestZScoreCalculatorBasicCalculation::test_zero_z_score PASSED [ 92%]
tests/test_z_score.py::TestZScoreCalculatorBasicCalculation::test_large_positive_z_score PASSED [ 93%]
tests/test_z_score.py::TestZScoreCalculatorBasicCalculation::test_large_negative_z_score PASSED [ 93%]
tests/test_z_score.py::TestZScoreCalculatorEdgeCases::test_score_equals_zero PASSED [ 93%]
tests/test_z_score.py::TestZScoreCalculatorEdgeCases::test_score_equals_one PASSED [ 93%]
tests/test_z_score.py::TestZScoreCalculatorEdgeCases::test_very_small_std PASSED [ 93%]
tests/test_z_score.py::TestZScoreCalculatorEdgeCases::test_very_large_std PASSED [ 93%]
tests/test_z_score.py::TestZScoreCalculatorEdgeCases::test_realistic_baseline_values PASSED [ 93%]
tests/test_z_score.py::TestZScoreCalculatorInputValidation::test_zero_std_raises_error PASSED [ 93%]
tests/test_z_score.py::TestZScoreCalculatorInputValidation::test_negative_std_raises_error PASSED [ 93%]
tests/test_z_score.py::TestZScoreCalculatorInputValidation::test_error_message_includes_invalid_value PASSED [ 94%]
tests/test_z_score.py::TestZScoreCalculatorNumericalPrecision::test_float_precision PASSED [ 94%]
tests/test_z_score.py::TestZScoreCalculatorNumericalPrecision::test_multiple_decimal_places PASSED [ 94%]
tests/test_z_score.py::TestZScoreCalculatorNumericalPrecision::test_symmetry PASSED [ 94%]
tests/test_z_score.py::TestZScoreCalculatorStatelessBehavior::test_multiple_calls_independent PASSED [ 94%]
tests/test_z_score.py::TestZScoreCalculatorStatelessBehavior::test_reusable_instance PASSED [ 94%]
tests/test_zone_extractor.py::test_initialization PASSED                 [ 94%]
tests/test_zone_extractor.py::test_get_terminal_content_words_basic PASSED [ 94%]
tests/test_zone_extractor.py::test_get_terminal_content_words_fewer_than_n PASSED [ 95%]
tests/test_zone_extractor.py::test_get_terminal_content_words_exactly_n PASSED [ 95%]
tests/test_zone_extractor.py::test_get_terminal_content_words_empty_clause PASSED [ 95%]
tests/test_zone_extractor.py::test_get_terminal_content_words_no_content_words PASSED [ 95%]
tests/test_zone_extractor.py::test_get_terminal_content_words_custom_n PASSED [ 95%]
tests/test_zone_extractor.py::test_get_terminal_content_words_n_equals_1 PASSED [ 95%]
tests/test_zone_extractor.py::test_get_terminal_content_words_preserves_token_fields PASSED [ 95%]
tests/test_zone_extractor.py::test_get_initial_content_words_basic PASSED [ 95%]
tests/test_zone_extractor.py::test_get_initial_content_words_fewer_than_n PASSED [ 96%]
tests/test_zone_extractor.py::test_get_initial_content_words_exactly_n PASSED [ 96%]
tests/test_zone_extractor.py::test_get_initial_content_words_empty_clause PASSED [ 96%]
tests/test_zone_extractor.py::test_get_initial_content_words_no_content_words PASSED [ 96%]
tests/test_zone_extractor.py::test_get_initial_content_words_custom_n PASSED [ 96%]
tests/test_zone_extractor.py::test_get_initial_content_words_n_equals_1 PASSED [ 96%]
tests/test_zone_extractor.py::test_get_initial_content_words_preserves_token_fields PASSED [ 96%]
tests/test_zone_extractor.py::test_extract_zones_basic PASSED            [ 96%]
tests/test_zone_extractor.py::test_extract_zones_returns_tuple PASSED    [ 96%]
tests/test_zone_extractor.py::test_extract_zones_both_clauses_short PASSED [ 97%]
tests/test_zone_extractor.py::test_extract_zones_empty_clauses PASSED    [ 97%]
tests/test_zone_extractor.py::test_extract_zones_one_empty_clause PASSED [ 97%]
tests/test_zone_extractor.py::test_extract_zones_with_mixed_content_words PASSED [ 97%]
tests/test_zone_extractor.py::test_extract_zones_preserves_original_clause_pair PASSED [ 97%]
tests/test_zone_extractor.py::test_quick_extract_zones PASSED            [ 97%]
tests/test_zone_extractor.py::test_extract_zones_single_content_word_each PASSED [ 97%]
tests/test_zone_extractor.py::test_extract_zones_many_content_words PASSED [ 97%]
tests/test_zone_extractor.py::test_extract_zones_all_function_words PASSED [ 98%]
tests/test_zone_extractor.py::test_extract_zones_literary_text PASSED    [ 98%]
tests/test_zone_extractor.py::test_extract_zones_conversational_text PASSED [ 98%]
tests/test_zone_extractor_integration.py::test_full_pipeline_simple_sentence PASSED [ 98%]
tests/test_zone_extractor_integration.py::test_full_pipeline_conjunction PASSED [ 98%]
tests/test_zone_extractor_integration.py::test_full_pipeline_transition PASSED [ 98%]
tests/test_zone_extractor_integration.py::test_full_pipeline_multiple_pairs PASSED [ 98%]
tests/test_zone_extractor_integration.py::test_zones_have_phonetic_data PASSED [ 98%]
tests/test_zone_extractor_integration.py::test_zones_have_pos_tags PASSED [ 99%]
tests/test_zone_extractor_integration.py::test_zones_maintain_token_order PASSED [ 99%]
tests/test_zone_extractor_integration.py::test_pipeline_with_short_clauses PASSED [ 99%]
tests/test_zone_extractor_integration.py::test_pipeline_with_long_clauses PASSED [ 99%]
tests/test_zone_extractor_integration.py::test_pipeline_preserves_clause_pair_metadata PASSED [ 99%]
tests/test_zone_extractor_integration.py::test_pipeline_news_text PASSED [ 99%]
tests/test_zone_extractor_integration.py::test_pipeline_literary_text PASSED [ 99%]
tests/test_zone_extractor_integration.py::test_pipeline_conversational_text PASSED [ 99%]
Traceback (most recent call last):
  File "<frozen ntpath>", line 738, in realpath
OSError: [WinError 448] The path cannot be traversed because it contains an untrusted mount point: 'C:\\Users\\Zachary\\AppData\\Local\\Temp\\pytest-of-Zachary\\pytest-33\\test_all_components_initializecurrent'

During handling of the above exception, another exception occurred:

Traceback (most recent call last):
  File "<frozen runpy>", line 198, in _run_module_as_main
  File "<frozen runpy>", line 88, in _run_code
  File "C:\Users\Zachary\AppData\Local\Programs\Python\Python313\Scripts\pytest.exe\__main__.py", line 6, in <module>
    sys.exit(console_main())
             ~~~~~~~~~~~~^^
  File "C:\Users\Zachary\AppData\Local\Programs\Python\Python313\Lib\site-packages\_pytest\config\__init__.py", line 201, in console_main
    code = main()
  File "C:\Users\Zachary\AppData\Local\Programs\Python\Python313\Lib\site-packages\_pytest\config\__init__.py", line 175, in main
    ret: ExitCode | int = config.hook.pytest_cmdline_main(config=config)
                          ~~~~~~~~~~~~~~~~~~~~~~~~~~~~~~~^^^^^^^^^^^^^^^
  File "C:\Users\Zachary\AppData\Local\Programs\Python\Python313\Lib\site-packages\pluggy\_hooks.py", line 512, in __call__
    return self._hookexec(self.name, self._hookimpls.copy(), kwargs, firstresult)
           ~~~~~~~~~~~~~~^^^^^^^^^^^^^^^^^^^^^^^^^^^^^^^^^^^^^^^^^^^^^^^^^^^^^^^^
  File "C:\Users\Zachary\AppData\Local\Programs\Python\Python313\Lib\site-packages\pluggy\_manager.py", line 120, in _hookexec
    return self._inner_hookexec(hook_name, methods, kwargs, firstresult)
           ~~~~~~~~~~~~~~~~~~~~^^^^^^^^^^^^^^^^^^^^^^^^^^^^^^^^^^^^^^^^^
  File "C:\Users\Zachary\AppData\Local\Programs\Python\Python313\Lib\site-packages\pluggy\_callers.py", line 167, in _multicall
    raise exception
  File "C:\Users\Zachary\AppData\Local\Programs\Python\Python313\Lib\site-packages\pluggy\_callers.py", line 121, in _multicall
    res = hook_impl.function(*args)
  File "C:\Users\Zachary\AppData\Local\Programs\Python\Python313\Lib\site-packages\_pytest\main.py", line 336, in pytest_cmdline_main
    return wrap_session(config, _main)
  File "C:\Users\Zachary\AppData\Local\Programs\Python\Python313\Lib\site-packages\_pytest\main.py", line 324, in wrap_session
    config.hook.pytest_sessionfinish(
    ~~~~~~~~~~~~~~~~~~~~~~~~~~~~~~~~^
        session=session, exitstatus=session.exitstatus
        ^^^^^^^^^^^^^^^^^^^^^^^^^^^^^^^^^^^^^^^^^^^^^^
    )
    ^
  File "C:\Users\Zachary\AppData\Local\Programs\Python\Python313\Lib\site-packages\pluggy\_hooks.py", line 512, in __call__
    return self._hookexec(self.name, self._hookimpls.copy(), kwargs, firstresult)
           ~~~~~~~~~~~~~~^^^^^^^^^^^^^^^^^^^^^^^^^^^^^^^^^^^^^^^^^^^^^^^^^^^^^^^^
  File "C:\Users\Zachary\AppData\Local\Programs\Python\Python313\Lib\site-packages\pluggy\_manager.py", line 120, in _hookexec
    return self._inner_hookexec(hook_name, methods, kwargs, firstresult)
           ~~~~~~~~~~~~~~~~~~~~^^^^^^^^^^^^^^^^^^^^^^^^^^^^^^^^^^^^^^^^^
  File "C:\Users\Zachary\AppData\Local\Programs\Python\Python313\Lib\site-packages\pluggy\_callers.py", line 167, in _multicall
    raise exception
  File "C:\Users\Zachary\AppData\Local\Programs\Python\Python313\Lib\site-packages\pluggy\_callers.py", line 139, in _multicall
    teardown.throw(exception)
    ~~~~~~~~~~~~~~^^^^^^^^^^^
  File "C:\Users\Zachary\AppData\Local\Programs\Python\Python313\Lib\site-packages\_pytest\logging.py", line 873, in pytest_sessionfinish
    return (yield)
            ^^^^^
  File "C:\Users\Zachary\AppData\Local\Programs\Python\Python313\Lib\site-packages\pluggy\_callers.py", line 139, in _multicall
    teardown.throw(exception)
    ~~~~~~~~~~~~~~^^^^^^^^^^^
  File "C:\Users\Zachary\AppData\Local\Programs\Python\Python313\Lib\site-packages\_pytest\terminal.py", line 934, in pytest_sessionfinish
    result = yield
             ^^^^^
  File "C:\Users\Zachary\AppData\Local\Programs\Python\Python313\Lib\site-packages\pluggy\_callers.py", line 139, in _multicall
    teardown.throw(exception)
    ~~~~~~~~~~~~~~^^^^^^^^^^^
  File "C:\Users\Zachary\AppData\Local\Programs\Python\Python313\Lib\site-packages\_pytest\warnings.py", line 119, in pytest_sessionfinish
    return (yield)
            ^^^^^
  File "C:\Users\Zachary\AppData\Local\Programs\Python\Python313\Lib\site-packages\pluggy\_callers.py", line 121, in _multicall
    res = hook_impl.function(*args)
  File "C:\Users\Zachary\AppData\Local\Programs\Python\Python313\Lib\site-packages\_pytest\tmpdir.py", line 301, in pytest_sessionfinish
    cleanup_dead_symlinks(basetemp)
    ~~~~~~~~~~~~~~~~~~~~~^^^^^^^^^^
  File "C:\Users\Zachary\AppData\Local\Programs\Python\Python313\Lib\site-packages\_pytest\pathlib.py", line 359, in cleanup_dead_symlinks
    if not left_dir.resolve().exists():
           ~~~~~~~~~~~~~~~~^^
  File "C:\Users\Zachary\AppData\Local\Programs\Python\Python313\Lib\pathlib\_local.py", line 670, in resolve
    return self.with_segments(os.path.realpath(self, strict=strict))
                              ~~~~~~~~~~~~~~~~^^^^^^^^^^^^^^^^^^^^^
  File "<frozen ntpath>", line 750, in realpath
  File "<frozen ntpath>", line 675, in _getfinalpathname_nonstrict
OSError: [WinError 448] The path cannot be traversed because it contains an untrusted mount point: 'C:\\Users\\Zachary\\AppData\\Local\\Temp\\pytest-of-Zachary\\pytest-33\\test_all_components_initializecurrent'
Exception ignored in atexit callback <function cleanup_numbered_dir at 0x000001D5DC5213A0>:
Traceback (most recent call last):
  File "C:\Users\Zachary\AppData\Local\Programs\Python\Python313\Lib\site-packages\_pytest\pathlib.py", line 374, in cleanup_numbered_dir
    cleanup_dead_symlinks(root)
  File "C:\Users\Zachary\AppData\Local\Programs\Python\Python313\Lib\site-packages\_pytest\pathlib.py", line 359, in cleanup_dead_symlinks
    if not left_dir.resolve().exists():
  File "C:\Users\Zachary\AppData\Local\Programs\Python\Python313\Lib\pathlib\_local.py", line 670, in resolve
    return self.with_segments(os.path.realpath(self, strict=strict))
  File "<frozen ntpath>", line 750, in realpath
  File "<frozen ntpath>", line 675, in _getfinalpathname_nonstrict
OSError: [WinError 448] The path cannot be traversed because it contains an untrusted mount point: 'C:\\Users\\Zachary\\AppData\\Local\\Temp\\pytest-of-Zachary\\pytest-current'
tests/test_zone_extractor_integration.py::test_extract_zones_from_multiple_pairs PASSED [100%]
